proguard/mapping.txt
com.brightleafsoftware.casephotographer.CaseDetailActivity -> com.brightleafsoftware.casephotographer.CaseDetailActivity:
    int ninetyPWidth -> m
    int ninetyPHeight -> n
    com.brightleafsoftware.casephotographer.CaseDetailFragment cdf -> o
    void onCreate(android.os.Bundle) -> onCreate
    int getZoomSize() -> e
    boolean onOptionsItemSelected(android.view.MenuItem) -> onOptionsItemSelected
    android.app.Dialog onCreateDialog(int) -> onCreateDialog
    boolean onCreateOptionsMenu(android.view.Menu) -> onCreateOptionsMenu
    void onSaveInstanceState(android.os.Bundle) -> onSaveInstanceState
    void onRestoreInstanceState(android.os.Bundle) -> onRestoreInstanceState
com.brightleafsoftware.casephotographer.CaseDetailActivity$1 -> com.brightleafsoftware.casephotographer.a:
    com.brightleafsoftware.casephotographer.CaseDetailActivity this$0 -> a
    void onClick(android.content.DialogInterface,int) -> onClick
com.brightleafsoftware.casephotographer.CaseDetailFragment -> com.brightleafsoftware.casephotographer.b:
    java.lang.String mItem -> N
    com.salesforce.androidsdk.security.PasscodeManager passcodeManager -> O
    com.salesforce.androidsdk.rest.RestClient rc -> P
    org.json.JSONArray caseRecord -> Q
    android.os.AsyncTask caseDetailsAFR -> R
    android.os.AsyncTask imageDetailsAFR -> S
    android.app.ProgressDialog wait -> T
    com.brightleafsoftware.casephotographer.SFImageAdapter adapter -> U
    java.util.ArrayList images -> V
    android.view.View rootView -> W
    android.net.Uri fileUri -> X
    java.lang.String caseId -> Y
    java.lang.String attachmentId -> Z
    void onCreate(android.os.Bundle) -> b
    void onCreateOptionsMenu(android.view.Menu,android.view.MenuInflater) -> a
    void fireTakePictureIntent() -> A
    void onActivityResult(int,int,android.content.Intent) -> a
    void onAttach(android.app.Activity) -> a
    org.json.JSONArray parseIntoJSONArray(com.brightleafsoftware.casephotographer.CaseDetailFragment$AsyncForceRequest) -> a
    java.util.ArrayList parseIntoArrayList(com.brightleafsoftware.casephotographer.CaseDetailFragment$AsyncBinaryForceRequest) -> a
    android.view.View onCreateView$469ccb8a(android.view.LayoutInflater,android.view.ViewGroup) -> a
    void getDataForFragmentView() -> F
    com.salesforce.androidsdk.rest.RestRequest getCaseDetailsRequest() -> G
com.brightleafsoftware.casephotographer.CaseDetailFragment$AsyncBinaryForceRequest -> com.brightleafsoftware.casephotographer.c:
    android.app.ProgressDialog pd -> a
    java.util.ArrayList imagePaths -> b
    com.brightleafsoftware.casephotographer.CaseDetailFragment this$0 -> c
    void onPreExecute() -> onPreExecute
    java.util.ArrayList doInBackground(com.salesforce.androidsdk.rest.RestRequest[]) -> a
    void onPostExecute(java.lang.Object) -> onPostExecute
    java.lang.Object doInBackground(java.lang.Object[]) -> doInBackground
    void onProgressUpdate(java.lang.Object[]) -> onProgressUpdate
com.brightleafsoftware.casephotographer.CaseDetailFragment$AsyncForceRequest -> com.brightleafsoftware.casephotographer.d:
    android.app.ProgressDialog pd -> a
    com.brightleafsoftware.casephotographer.CaseDetailFragment this$0 -> b
    void onPreExecute() -> onPreExecute
    org.json.JSONArray doInBackground(com.salesforce.androidsdk.rest.RestRequest[]) -> a
    void onPostExecute(java.lang.Object) -> onPostExecute
    java.lang.Object doInBackground(java.lang.Object[]) -> doInBackground
    void onProgressUpdate(java.lang.Object[]) -> onProgressUpdate
...
android.support.v4.view.accessibility.AccessibilityNodeInfoCompat$AccessibilityNodeInfoJellybeanImpl -> android.support.v4.view.a.d:
android.support.v4.view.accessibility.AccessibilityNodeInfoCompat$AccessibilityNodeInfoStubImpl -> android.support.v4.view.a.e:
    void addAction(java.lang.Object,int) -> a
    void setClassName(java.lang.Object,java.lang.CharSequence) -> a
    void setScrollable(java.lang.Object,boolean) -> a
android.support.v4.view.accessibility.AccessibilityNodeProviderCompat -> android.support.v4.view.a.f:
    android.support.v4.view.accessibility.AccessibilityNodeProviderCompat$AccessibilityNodeProviderImpl IMPL -> a
    java.lang.Object mProvider -> b
    java.lang.Object getProvider() -> a
    android.support.v4.view.accessibility.AccessibilityNodeInfoCompat createAccessibilityNodeInfo$f3a5639() -> b
    boolean performAction$5985f823() -> c
    java.util.List findAccessibilityNodeInfosByText$2393931d() -> d
android.support.v4.view.accessibility.AccessibilityNodeProviderCompat$AccessibilityNodeProviderImpl -> android.support.v4.view.a.g:
    java.lang.Object newAccessibilityNodeProviderBridge(android.support.v4.view.accessibility.AccessibilityNodeProviderCompat) -> a
android.support.v4.view.accessibility.AccessibilityNodeProviderCompat$AccessibilityNodeProviderJellyBeanImpl -> android.support.v4.view.a.h:
    java.lang.Object newAccessibilityNodeProviderBridge(android.support.v4.view.accessibility.AccessibilityNodeProviderCompat) -> a
android.support.v4.view.accessibility.AccessibilityNodeProviderCompat$AccessibilityNodeProviderJellyBeanImpl$1 -> android.support.v4.view.a.i:
    android.support.v4.view.accessibility.AccessibilityNodeProviderCompat val$compat -> a
    android.support.v4.view.accessibility.AccessibilityNodeProviderCompat$AccessibilityNodeProviderJellyBeanImpl this$0 -> b
    boolean performAction$5985f823() -> a
    java.util.List findAccessibilityNodeInfosByText$2393931d() -> b
    java.lang.Object createAccessibilityNodeInfo$54cf32c4() -> c
android.support.v4.view.accessibility.AccessibilityNodeProviderCompat$AccessibilityNodeProviderStubImpl -> android.support.v4.view.a.j:
    java.lang.Object newAccessibilityNodeProviderBridge(android.support.v4.view.accessibility.AccessibilityNodeProviderCompat) -> a
android.support.v4.view.accessibility.AccessibilityNodeProviderCompatJellyBean -> android.support.v4.view.a.k:
android.support.v4.view.accessibility.AccessibilityNodeProviderCompatJellyBean$1 -> android.support.v4.view.a.l:
    android.support.v4.view.accessibility.AccessibilityNodeProviderCompatJellyBean$AccessibilityNodeInfoBridge val$bridge -> a
    android.view.accessibility.AccessibilityNodeInfo createAccessibilityNodeInfo(int) -> createAccessibilityNodeInfo
    java.util.List findAccessibilityNodeInfosByText(java.lang.String,int) -> findAccessibilityNodeInfosByText
    boolean performAction(int,int,android.os.Bundle) -> performAction
android.support.v4.view.accessibility.AccessibilityNodeProviderCompatJellyBean$AccessibilityNodeInfoBridge -> android.support.v4.view.a.m:
    java.lang.Object createAccessibilityNodeInfo$54cf32c4() -> c
    boolean performAction$5985f823() -> a
    java.util.List findAccessibilityNodeInfosByText$2393931d() -> b
android.support.v4.widget.EdgeEffectCompat -> android.support.v4.d.a:
    java.lang.Object mEdgeEffect -> a
    android.support.v4.widget.EdgeEffectCompat$EdgeEffectImpl IMPL -> b
    void setSize(int,int) -> a
    boolean isFinished() -> a
    void finish() -> b
    boolean onPull(float) -> a
    boolean onRelease() -> c
    boolean draw(android.graphics.Canvas) -> a